2025-01-28 08:57:42:624 [main] INFO  c.e.a.ApiReservationsApplicationTests - Starting ApiReservationsApplicationTests using Java 17.0.13 with PID 7794 (started by yeferson in /home/yeferson/JAVA/api-reservations)
2025-01-28 08:57:42:626 [main] INFO  c.e.a.ApiReservationsApplicationTests - No active profile set, falling back to 1 default profile: "default"
2025-01-28 08:57:47:509 [main] INFO  c.e.a.ApiReservationsApplicationTests - Started ApiReservationsApplicationTests in 5.195 seconds (process running for 5.949)
2025-01-28 09:06:13:490 [main] INFO  c.e.a.ApiReservationsApplicationTests - Starting ApiReservationsApplicationTests using Java 17.0.13 with PID 10293 (started by yeferson in /home/yeferson/JAVA/api-reservations)
2025-01-28 09:06:13:491 [main] INFO  c.e.a.ApiReservationsApplicationTests - No active profile set, falling back to 1 default profile: "default"
2025-01-28 09:06:42:006 [main] INFO  c.e.a.ApiReservationsApplicationTests - Starting ApiReservationsApplicationTests using Java 17.0.13 with PID 10736 (started by yeferson in /home/yeferson/JAVA/api-reservations)
2025-01-28 09:06:42:007 [main] INFO  c.e.a.ApiReservationsApplicationTests - No active profile set, falling back to 1 default profile: "default"
2025-01-28 09:06:46:388 [main] INFO  c.e.a.ApiReservationsApplicationTests - Started ApiReservationsApplicationTests in 4.663 seconds (process running for 5.362)
2025-01-28 09:26:18:869 [main] INFO  c.e.a.ApiReservationsApplicationTests - Starting ApiReservationsApplicationTests using Java 17.0.13 with PID 20218 (started by yeferson in /home/yeferson/JAVA/api-reservations)
2025-01-28 09:26:18:870 [main] INFO  c.e.a.ApiReservationsApplicationTests - No active profile set, falling back to 1 default profile: "default"
2025-01-28 09:26:23:427 [main] INFO  c.e.a.ApiReservationsApplicationTests - Started ApiReservationsApplicationTests in 4.849 seconds (process running for 5.578)
2025-01-28 09:26:35:911 [main] INFO  c.e.a.ApiReservationsApplication - Starting ApiReservationsApplication using Java 17.0.13 with PID 20386 (/home/yeferson/JAVA/api-reservations/target/classes started by yeferson in /home/yeferson/JAVA/api-reservations)
2025-01-28 09:26:35:912 [main] INFO  c.e.a.ApiReservationsApplication - No active profile set, falling back to 1 default profile: "default"
2025-01-28 09:26:39:975 [main] INFO  c.e.a.ApiReservationsApplication - Started ApiReservationsApplication in 4.473 seconds (process running for 4.877)
2025-01-28 09:27:11:094 [main] INFO  c.e.a.ApiReservationsApplicationTests - Starting ApiReservationsApplicationTests using Java 17.0.13 with PID 20604 (started by yeferson in /home/yeferson/JAVA/api-reservations)
2025-01-28 09:27:11:096 [main] INFO  c.e.a.ApiReservationsApplicationTests - No active profile set, falling back to 1 default profile: "default"
2025-01-28 09:27:15:454 [main] INFO  c.e.a.ApiReservationsApplicationTests - Started ApiReservationsApplicationTests in 4.671 seconds (process running for 5.387)
2025-01-28 09:27:20:706 [main] INFO  c.e.a.ApiReservationsApplication - Starting ApiReservationsApplication using Java 17.0.13 with PID 20725 (/home/yeferson/JAVA/api-reservations/target/classes started by yeferson in /home/yeferson/JAVA/api-reservations)
2025-01-28 09:27:20:707 [main] INFO  c.e.a.ApiReservationsApplication - No active profile set, falling back to 1 default profile: "default"
2025-01-28 09:27:24:704 [main] INFO  c.e.a.ApiReservationsApplication - Started ApiReservationsApplication in 4.389 seconds (process running for 4.801)
2025-01-28 09:28:05:601 [main] INFO  c.e.a.ApiReservationsApplicationTests - Starting ApiReservationsApplicationTests using Java 17.0.13 with PID 20984 (started by yeferson in /home/yeferson/JAVA/api-reservations)
2025-01-28 09:28:05:602 [main] INFO  c.e.a.ApiReservationsApplicationTests - No active profile set, falling back to 1 default profile: "default"
2025-01-28 09:28:10:635 [main] INFO  c.e.a.ApiReservationsApplicationTests - Started ApiReservationsApplicationTests in 5.331 seconds (process running for 6.05)
2025-01-28 15:19:39:024 [main] INFO  c.e.a.ApiReservationsApplication - Starting ApiReservationsApplication using Java 17.0.13 with PID 9095 (/home/yeferson/JAVA/api-reservations/target/classes started by yeferson in /home/yeferson/JAVA/api-reservations)
2025-01-28 15:19:39:025 [main] INFO  c.e.a.ApiReservationsApplication - No active profile set, falling back to 1 default profile: "default"
2025-01-28 15:19:43:528 [main] INFO  c.e.a.ApiReservationsApplication - Started ApiReservationsApplication in 4.961 seconds (process running for 5.492)
2025-01-28 15:41:46:157 [main] INFO  c.e.a.ApiReservationsApplication - Starting ApiReservationsApplication using Java 17.0.13 with PID 16068 (/home/yeferson/JAVA/api-reservations/target/classes started by yeferson in /home/yeferson/JAVA/api-reservations)
2025-01-28 15:41:46:158 [main] INFO  c.e.a.ApiReservationsApplication - No active profile set, falling back to 1 default profile: "default"
2025-01-28 15:41:50:203 [main] INFO  c.e.a.ApiReservationsApplication - Started ApiReservationsApplication in 4.456 seconds (process running for 4.906)
2025-01-28 15:43:40:991 [main] INFO  c.e.a.ApiReservationsApplicationTests - Starting ApiReservationsApplicationTests using Java 17.0.13 with PID 16450 (started by yeferson in /home/yeferson/JAVA/api-reservations)
2025-01-28 15:43:40:992 [main] INFO  c.e.a.ApiReservationsApplicationTests - No active profile set, falling back to 1 default profile: "default"
2025-01-28 15:43:45:431 [main] INFO  c.e.a.ApiReservationsApplicationTests - Started ApiReservationsApplicationTests in 4.725 seconds (process running for 5.414)
2025-01-28 15:44:19:252 [main] INFO  c.e.a.ApiReservationsApplicationTests - Starting ApiReservationsApplicationTests using Java 17.0.13 with PID 16787 (started by yeferson in /home/yeferson/JAVA/api-reservations)
2025-01-28 15:44:19:253 [main] INFO  c.e.a.ApiReservationsApplicationTests - No active profile set, falling back to 1 default profile: "default"
2025-01-28 15:44:23:769 [main] INFO  c.e.a.ApiReservationsApplicationTests - Started ApiReservationsApplicationTests in 4.794 seconds (process running for 5.467)
2025-01-28 15:48:27:952 [main] INFO  c.e.a.ApiReservationsApplicationTests - Starting ApiReservationsApplicationTests using Java 17.0.13 with PID 17743 (started by yeferson in /home/yeferson/JAVA/api-reservations)
2025-01-28 15:48:27:953 [main] INFO  c.e.a.ApiReservationsApplicationTests - No active profile set, falling back to 1 default profile: "default"
2025-01-28 15:48:32:455 [main] INFO  c.e.a.ApiReservationsApplicationTests - Started ApiReservationsApplicationTests in 4.791 seconds (process running for 5.504)
2025-01-28 15:49:26:804 [main] INFO  c.e.a.ApiReservationsApplicationTests - Starting ApiReservationsApplicationTests using Java 17.0.13 with PID 17908 (started by yeferson in /home/yeferson/JAVA/api-reservations)
2025-01-28 15:49:26:805 [main] INFO  c.e.a.ApiReservationsApplicationTests - No active profile set, falling back to 1 default profile: "default"
2025-01-28 15:49:31:331 [main] INFO  c.e.a.ApiReservationsApplicationTests - Started ApiReservationsApplicationTests in 4.809 seconds (process running for 5.523)
2025-01-28 15:57:17:022 [main] INFO  c.e.a.ApiReservationsApplicationTests - Starting ApiReservationsApplicationTests using Java 17.0.13 with PID 20525 (started by yeferson in /home/yeferson/JAVA/api-reservations)
2025-01-28 15:57:17:023 [main] INFO  c.e.a.ApiReservationsApplicationTests - No active profile set, falling back to 1 default profile: "default"
2025-01-28 15:57:21:864 [main] INFO  c.e.a.ApiReservationsApplicationTests - Started ApiReservationsApplicationTests in 5.146 seconds (process running for 5.904)
2025-01-28 16:19:34:710 [main] INFO  c.e.a.ApiReservationsApplicationTests - Starting ApiReservationsApplicationTests using Java 17.0.13 with PID 24408 (started by yeferson in /home/yeferson/JAVA/api-reservations)
2025-01-28 16:19:34:711 [main] INFO  c.e.a.ApiReservationsApplicationTests - No active profile set, falling back to 1 default profile: "default"
2025-01-28 16:19:39:701 [main] INFO  c.e.a.ApiReservationsApplicationTests - Started ApiReservationsApplicationTests in 5.347 seconds (process running for 6.107)
2025-01-28 19:16:49:319 [main] INFO  c.e.a.ApiReservationsApplicationTests - Starting ApiReservationsApplicationTests using Java 17.0.13 with PID 8893 (started by yeferson in /home/yeferson/JAVA/api-reservations)
2025-01-28 19:16:49:321 [main] INFO  c.e.a.ApiReservationsApplicationTests - No active profile set, falling back to 1 default profile: "default"
2025-01-28 19:16:54:227 [main] INFO  c.e.a.ApiReservationsApplicationTests - Started ApiReservationsApplicationTests in 5.212 seconds (process running for 5.932)
2025-01-28 19:17:14:922 [main] INFO  c.e.a.ApiReservationsApplicationTests - Starting ApiReservationsApplicationTests using Java 17.0.13 with PID 9044 (started by yeferson in /home/yeferson/JAVA/api-reservations)
2025-01-28 19:17:14:923 [main] INFO  c.e.a.ApiReservationsApplicationTests - No active profile set, falling back to 1 default profile: "default"
2025-01-28 19:17:19:474 [main] INFO  c.e.a.ApiReservationsApplicationTests - Started ApiReservationsApplicationTests in 4.836 seconds (process running for 5.645)
2025-01-28 19:17:41:745 [main] INFO  c.e.a.ApiReservationsApplicationTests - Starting ApiReservationsApplicationTests using Java 17.0.13 with PID 9255 (started by yeferson in /home/yeferson/JAVA/api-reservations)
2025-01-28 19:17:41:746 [main] INFO  c.e.a.ApiReservationsApplicationTests - No active profile set, falling back to 1 default profile: "default"
2025-01-28 19:17:46:232 [main] INFO  c.e.a.ApiReservationsApplicationTests - Started ApiReservationsApplicationTests in 4.766 seconds (process running for 5.455)
2025-01-28 19:21:15:645 [main] INFO  c.e.a.ApiReservationsApplicationTests - Starting ApiReservationsApplicationTests using Java 17.0.13 with PID 9901 (started by yeferson in /home/yeferson/JAVA/api-reservations)
2025-01-28 19:21:15:646 [main] INFO  c.e.a.ApiReservationsApplicationTests - No active profile set, falling back to 1 default profile: "default"
2025-01-28 19:21:20:163 [main] INFO  c.e.a.ApiReservationsApplicationTests - Started ApiReservationsApplicationTests in 4.808 seconds (process running for 5.497)
2025-01-28 19:28:42:613 [main] INFO  c.e.a.ApiReservationsApplicationTests - Starting ApiReservationsApplicationTests using Java 17.0.13 with PID 11731 (started by yeferson in /home/yeferson/JAVA/api-reservations)
2025-01-28 19:28:42:614 [main] INFO  c.e.a.ApiReservationsApplicationTests - No active profile set, falling back to 1 default profile: "default"
2025-01-28 19:28:47:530 [main] INFO  c.e.a.ApiReservationsApplicationTests - Started ApiReservationsApplicationTests in 5.203 seconds (process running for 5.874)
2025-01-28 19:29:06:256 [main] INFO  c.e.a.ApiReservationsApplicationTests - Starting ApiReservationsApplicationTests using Java 17.0.13 with PID 11884 (started by yeferson in /home/yeferson/JAVA/api-reservations)
2025-01-28 19:29:06:257 [main] INFO  c.e.a.ApiReservationsApplicationTests - No active profile set, falling back to 1 default profile: "default"
2025-01-28 19:29:10:828 [main] INFO  c.e.a.ApiReservationsApplicationTests - Started ApiReservationsApplicationTests in 4.863 seconds (process running for 5.614)
2025-01-28 20:07:37:065 [main] INFO  c.e.a.ApiReservationsApplication - Starting ApiReservationsApplication using Java 17.0.13 with PID 27567 (/home/yeferson/JAVA/api-reservations/target/classes started by yeferson in /home/yeferson/JAVA/api-reservations)
2025-01-28 20:07:37:066 [main] INFO  c.e.a.ApiReservationsApplication - No active profile set, falling back to 1 default profile: "default"
2025-01-28 20:07:41:131 [main] INFO  c.e.a.ApiReservationsApplication - Started ApiReservationsApplication in 4.51 seconds (process running for 4.88)
2025-01-28 20:07:52:635 [http-nio-8080-exec-1] INFO  c.e.a.c.ReservationController - Creating a new reservation
2025-01-28 20:07:52:834 [reactor-http-epoll-2] ERROR c.e.a.connector.CatalogConnector - Error fetching city with code BUE: finishConnect(..) failed: Conexión rehusada: localhost/[0:0:0:0:0:0:0:1]:6070
2025-01-28 20:07:52:837 [http-nio-8080-exec-1] WARN  c.e.a.c.ReservationController - Fallback triggered for createReservation. Reason: finishConnect(..) failed: Conexión rehusada: localhost/[0:0:0:0:0:0:0:1]:6070
2025-01-28 20:08:29:804 [http-nio-8080-exec-3] INFO  c.e.a.c.ReservationController - Creating a new reservation
2025-01-28 20:08:29:843 [reactor-http-epoll-3] ERROR c.e.a.connector.CatalogConnector - Error fetching city with code BUE: finishConnect(..) failed: Conexión rehusada: localhost/[0:0:0:0:0:0:0:1]:6070
2025-01-28 20:08:29:844 [http-nio-8080-exec-3] WARN  c.e.a.c.ReservationController - Fallback triggered for createReservation. Reason: finishConnect(..) failed: Conexión rehusada: localhost/[0:0:0:0:0:0:0:1]:6070
2025-01-28 20:17:24:795 [main] INFO  c.e.a.ApiReservationsApplication - Starting ApiReservationsApplication using Java 17.0.13 with PID 34307 (/home/yeferson/JAVA/api-reservations/target/classes started by yeferson in /home/yeferson/JAVA/api-reservations)
2025-01-28 20:17:24:796 [main] INFO  c.e.a.ApiReservationsApplication - No active profile set, falling back to 1 default profile: "default"
2025-01-28 20:17:28:813 [main] INFO  c.e.a.ApiReservationsApplication - Started ApiReservationsApplication in 4.489 seconds (process running for 4.893)
2025-01-28 20:17:39:994 [http-nio-8080-exec-5] INFO  c.e.a.c.ReservationController - Getting all reservations
2025-01-28 20:17:56:554 [http-nio-8080-exec-6] INFO  c.e.a.c.ReservationController - Creating a new reservation
2025-01-28 20:17:56:746 [reactor-http-epoll-2] ERROR c.e.a.connector.CatalogConnector - Error fetching city with code BUE: finishConnect(..) failed: Conexión rehusada: localhost/[0:0:0:0:0:0:0:1]:6070
2025-01-28 20:17:56:748 [http-nio-8080-exec-6] WARN  c.e.a.c.ReservationController - Fallback triggered for createReservation. Reason: finishConnect(..) failed: Conexión rehusada: localhost/[0:0:0:0:0:0:0:1]:6070
2025-01-28 20:19:03:582 [http-nio-8080-exec-8] INFO  c.e.a.c.ReservationController - Creating a new reservation
2025-01-28 20:19:03:589 [reactor-http-epoll-3] ERROR c.e.a.connector.CatalogConnector - Error fetching city with code BUE: finishConnect(..) failed: Conexión rehusada: localhost/[0:0:0:0:0:0:0:1]:6070
2025-01-28 20:19:03:590 [http-nio-8080-exec-8] WARN  c.e.a.c.ReservationController - Fallback triggered for createReservation. Reason: finishConnect(..) failed: Conexión rehusada: localhost/[0:0:0:0:0:0:0:1]:6070
2025-01-28 20:19:12:547 [http-nio-8080-exec-13] INFO  c.e.a.c.ReservationController - Creating a new reservation
2025-01-28 20:19:12:552 [reactor-http-epoll-4] ERROR c.e.a.connector.CatalogConnector - Error fetching city with code BUE: finishConnect(..) failed: Conexión rehusada: localhost/[0:0:0:0:0:0:0:1]:6070
2025-01-28 20:19:12:553 [http-nio-8080-exec-13] WARN  c.e.a.c.ReservationController - Fallback triggered for createReservation. Reason: finishConnect(..) failed: Conexión rehusada: localhost/[0:0:0:0:0:0:0:1]:6070
2025-01-28 20:19:52:496 [http-nio-8080-exec-19] INFO  c.e.a.c.ReservationController - Creating a new reservation
